Flow report for Sumador4bits
Wed Mar 12 01:41:42 2025
Quartus Prime Version 20.1.1 Build 720 11/11/2020 SJ Lite Edition


---------------------
; Table of Contents ;
---------------------
  1. Legal Notice
  2. Flow Summary
  3. Flow Settings
  4. Flow Non-Default Global Settings
  5. Flow Elapsed Time
  6. Flow OS Summary
  7. Flow Log
  8. Flow Messages
  9. Flow Suppressed Messages



----------------
; Legal Notice ;
----------------
Copyright (C) 2020  Intel Corporation. All rights reserved.
Your use of Intel Corporation's design tools, logic functions 
and other software and tools, and any partner logic 
functions, and any output files from any of the foregoing 
(including device programming or simulation files), and any 
associated documentation or information are expressly subject 
to the terms and conditions of the Intel Program License 
Subscription Agreement, the Intel Quartus Prime License Agreement,
the Intel FPGA IP License Agreement, or other applicable license
agreement, including, without limitation, that your use is for
the sole purpose of programming logic devices manufactured by
Intel and sold by Intel or its authorized distributors.  Please
refer to the applicable agreement for further details, at
https://fpgasoftware.intel.com/eula.



+-------------------------------------------------------------------------------+
; Flow Summary                                                                  ;
+---------------------------------+---------------------------------------------+
; Flow Status                     ; Successful - Wed Mar 12 01:41:42 2025       ;
; Quartus Prime Version           ; 20.1.1 Build 720 11/11/2020 SJ Lite Edition ;
; Revision Name                   ; Sumador4bits                                ;
; Top-level Entity Name           ; implementacion_sumador                      ;
; Family                          ; Cyclone V                                   ;
; Device                          ; 5CSXFC6D6F31C6                              ;
; Timing Models                   ; Final                                       ;
; Logic utilization (in ALMs)     ; 11 / 41,910 ( < 1 % )                       ;
; Total registers                 ; 0                                           ;
; Total pins                      ; 16 / 499 ( 3 % )                            ;
; Total virtual pins              ; 0                                           ;
; Total block memory bits         ; 0 / 5,662,720 ( 0 % )                       ;
; Total DSP Blocks                ; 0 / 112 ( 0 % )                             ;
; Total HSSI RX PCSs              ; 0 / 9 ( 0 % )                               ;
; Total HSSI PMA RX Deserializers ; 0 / 9 ( 0 % )                               ;
; Total HSSI TX PCSs              ; 0 / 9 ( 0 % )                               ;
; Total HSSI PMA TX Serializers   ; 0 / 9 ( 0 % )                               ;
; Total PLLs                      ; 0 / 15 ( 0 % )                              ;
; Total DLLs                      ; 0 / 4 ( 0 % )                               ;
+---------------------------------+---------------------------------------------+


+-----------------------------------------+
; Flow Settings                           ;
+-------------------+---------------------+
; Option            ; Setting             ;
+-------------------+---------------------+
; Start date & time ; 03/12/2025 01:41:12 ;
; Main task         ; Compilation         ;
; Revision Name     ; Sumador4bits        ;
+-------------------+---------------------+


+------------------------------------------------------------------------------------------------------------------------------------------------------------+
; Flow Non-Default Global Settings                                                                                                                           ;
+--------------------------------------+----------------------------------------+---------------+------------------------+-----------------------------------+
; Assignment Name                      ; Value                                  ; Default Value ; Entity Name            ; Section Id                        ;
+--------------------------------------+----------------------------------------+---------------+------------------------+-----------------------------------+
; COMPILER_SIGNATURE_ID                ; 127913729967149.174176527220028        ; --            ; --                     ; --                                ;
; EDA_DESIGN_INSTANCE_NAME             ; NA                                     ; --            ; --                     ; Sumador4bits_testbench            ;
; EDA_GENERATE_FUNCTIONAL_NETLIST      ; Off                                    ; --            ; --                     ; eda_board_design_timing           ;
; EDA_GENERATE_FUNCTIONAL_NETLIST      ; Off                                    ; --            ; --                     ; eda_board_design_boundary_scan    ;
; EDA_GENERATE_FUNCTIONAL_NETLIST      ; Off                                    ; --            ; --                     ; eda_board_design_signal_integrity ;
; EDA_GENERATE_FUNCTIONAL_NETLIST      ; Off                                    ; --            ; --                     ; eda_board_design_symbol           ;
; EDA_NATIVELINK_SIMULATION_TEST_BENCH ; Sumador4bits_testbench                 ; --            ; --                     ; eda_simulation                    ;
; EDA_OUTPUT_DATA_FORMAT               ; Vhdl                                   ; --            ; --                     ; eda_simulation                    ;
; EDA_SIMULATION_TOOL                  ; ModelSim-Altera (VHDL)                 ; <None>        ; --                     ; --                                ;
; EDA_TEST_BENCH_ENABLE_STATUS         ; TEST_BENCH_MODE                        ; --            ; --                     ; eda_simulation                    ;
; EDA_TEST_BENCH_FILE                  ; Sumador4bits_testbench.vhd             ; --            ; --                     ; Sumador4bits_testbench            ;
; EDA_TEST_BENCH_MODULE_NAME           ; Sumador4bits_testbench                 ; --            ; --                     ; Sumador4bits_testbench            ;
; EDA_TEST_BENCH_NAME                  ; Sumador4bits_testbench                 ; --            ; --                     ; eda_simulation                    ;
; EDA_TIME_SCALE                       ; 1 ps                                   ; --            ; --                     ; eda_simulation                    ;
; MAX_CORE_JUNCTION_TEMP               ; 85                                     ; --            ; --                     ; --                                ;
; MIN_CORE_JUNCTION_TEMP               ; 0                                      ; --            ; --                     ; --                                ;
; PARTITION_COLOR                      ; -- (Not supported for targeted family) ; --            ; implementacion_sumador ; Top                               ;
; PARTITION_FITTER_PRESERVATION_LEVEL  ; -- (Not supported for targeted family) ; --            ; implementacion_sumador ; Top                               ;
; PARTITION_NETLIST_TYPE               ; -- (Not supported for targeted family) ; --            ; implementacion_sumador ; Top                               ;
; POWER_BOARD_THERMAL_MODEL            ; None (CONSERVATIVE)                    ; --            ; --                     ; --                                ;
; POWER_PRESET_COOLING_SOLUTION        ; 23 MM HEAT SINK WITH 200 LFPM AIRFLOW  ; --            ; --                     ; --                                ;
; PROJECT_OUTPUT_DIRECTORY             ; output_files                           ; --            ; --                     ; --                                ;
; TOP_LEVEL_ENTITY                     ; implementacion_sumador                 ; Sumador4bits  ; --                     ; --                                ;
+--------------------------------------+----------------------------------------+---------------+------------------------+-----------------------------------+


+--------------------------------------------------------------------------------------------------------------------------+
; Flow Elapsed Time                                                                                                        ;
+----------------------+--------------+-------------------------+---------------------+------------------------------------+
; Module Name          ; Elapsed Time ; Average Processors Used ; Peak Virtual Memory ; Total CPU Time (on all processors) ;
+----------------------+--------------+-------------------------+---------------------+------------------------------------+
; Analysis & Synthesis ; 00:00:04     ; 1.0                     ; 4857 MB             ; 00:00:09                           ;
; Fitter               ; 00:00:16     ; 1.0                     ; 7288 MB             ; 00:00:55                           ;
; Assembler            ; 00:00:04     ; 1.0                     ; 4845 MB             ; 00:00:04                           ;
; Timing Analyzer      ; 00:00:03     ; 1.1                     ; 5210 MB             ; 00:00:03                           ;
; EDA Netlist Writer   ; 00:00:00     ; 1.0                     ; 4728 MB             ; 00:00:01                           ;
; Total                ; 00:00:27     ; --                      ; --                  ; 00:01:12                           ;
+----------------------+--------------+-------------------------+---------------------+------------------------------------+


+------------------------------------------------------------------------------------+
; Flow OS Summary                                                                    ;
+----------------------+------------------+------------+------------+----------------+
; Module Name          ; Machine Hostname ; OS Name    ; OS Version ; Processor type ;
+----------------------+------------------+------------+------------+----------------+
; Analysis & Synthesis ; Isaac            ; Windows 10 ; 10.0       ; x86_64         ;
; Fitter               ; Isaac            ; Windows 10 ; 10.0       ; x86_64         ;
; Assembler            ; Isaac            ; Windows 10 ; 10.0       ; x86_64         ;
; Timing Analyzer      ; Isaac            ; Windows 10 ; 10.0       ; x86_64         ;
; EDA Netlist Writer   ; Isaac            ; Windows 10 ; 10.0       ; x86_64         ;
+----------------------+------------------+------------+------------+----------------+


------------
; Flow Log ;
------------
quartus_map --read_settings_files=on --write_settings_files=off Sumador4bits -c Sumador4bits
quartus_fit --read_settings_files=off --write_settings_files=off Sumador4bits -c Sumador4bits
quartus_asm --read_settings_files=off --write_settings_files=off Sumador4bits -c Sumador4bits
quartus_sta Sumador4bits -c Sumador4bits
quartus_eda --read_settings_files=off --write_settings_files=off Sumador4bits -c Sumador4bits



