Analysis & Synthesis report for digital_design_lab1_problem3
Mon Mar 10 16:08:41 2025
Quartus Prime Version 20.1.1 Build 720 11/11/2020 SJ Lite Edition


---------------------
; Table of Contents ;
---------------------
  1. Legal Notice
  2. Analysis & Synthesis Summary
  3. Analysis & Synthesis Settings
  4. Parallel Compilation
  5. Analysis & Synthesis Source Files Read
  6. Analysis & Synthesis Resource Usage Summary
  7. Analysis & Synthesis Resource Utilization by Entity
  8. User-Specified and Inferred Latches
  9. General Register Statistics
 10. Multiplexer Restructuring Statistics (Restructuring Performed)
 11. Parameter Settings for User Entity Instance: Top-level Entity: |digital_design_lab1_problem3
 12. Parameter Settings for Inferred Entity Instance: lpm_divide:Div0
 13. Parameter Settings for Inferred Entity Instance: lpm_divide:Mod0
 14. Parameter Settings for Inferred Entity Instance: lpm_divide:Div1
 15. Parameter Settings for Inferred Entity Instance: lpm_divide:Mod1
 16. Parameter Settings for Inferred Entity Instance: lpm_divide:Div2
 17. Parameter Settings for Inferred Entity Instance: lpm_divide:Mod2
 18. Post-Synthesis Netlist Statistics for Top Partition
 19. Elapsed Time Per Partition
 20. Analysis & Synthesis Messages



----------------
; Legal Notice ;
----------------
Copyright (C) 2020  Intel Corporation. All rights reserved.
Your use of Intel Corporation's design tools, logic functions 
and other software and tools, and any partner logic 
functions, and any output files from any of the foregoing 
(including device programming or simulation files), and any 
associated documentation or information are expressly subject 
to the terms and conditions of the Intel Program License 
Subscription Agreement, the Intel Quartus Prime License Agreement,
the Intel FPGA IP License Agreement, or other applicable license
agreement, including, without limitation, that your use is for
the sole purpose of programming logic devices manufactured by
Intel and sold by Intel or its authorized distributors.  Please
refer to the applicable agreement for further details, at
https://fpgasoftware.intel.com/eula.



+-------------------------------------------------------------------------------+
; Analysis & Synthesis Summary                                                  ;
+---------------------------------+---------------------------------------------+
; Analysis & Synthesis Status     ; Successful - Mon Mar 10 16:08:41 2025       ;
; Quartus Prime Version           ; 20.1.1 Build 720 11/11/2020 SJ Lite Edition ;
; Revision Name                   ; digital_design_lab1_problem3                ;
; Top-level Entity Name           ; digital_design_lab1_problem3                ;
; Family                          ; Cyclone V                                   ;
; Logic utilization (in ALMs)     ; N/A                                         ;
; Total registers                 ; 50                                          ;
; Total pins                      ; 70                                          ;
; Total virtual pins              ; 0                                           ;
; Total block memory bits         ; 0                                           ;
; Total DSP Blocks                ; 0                                           ;
; Total HSSI RX PCSs              ; 0                                           ;
; Total HSSI PMA RX Deserializers ; 0                                           ;
; Total HSSI TX PCSs              ; 0                                           ;
; Total HSSI PMA TX Serializers   ; 0                                           ;
; Total PLLs                      ; 0                                           ;
; Total DLLs                      ; 0                                           ;
+---------------------------------+---------------------------------------------+


+-----------------------------------------------------------------------------------------------------------------------------------------------+
; Analysis & Synthesis Settings                                                                                                                 ;
+---------------------------------------------------------------------------------+------------------------------+------------------------------+
; Option                                                                          ; Setting                      ; Default Value                ;
+---------------------------------------------------------------------------------+------------------------------+------------------------------+
; Device                                                                          ; 5CSXFC6D6F31C6               ;                              ;
; Top-level entity name                                                           ; digital_design_lab1_problem3 ; digital_design_lab1_problem3 ;
; Family name                                                                     ; Cyclone V                    ; Cyclone V                    ;
; Use smart compilation                                                           ; Off                          ; Off                          ;
; Enable parallel Assembler and Timing Analyzer during compilation                ; On                           ; On                           ;
; Enable compact report table                                                     ; Off                          ; Off                          ;
; Restructure Multiplexers                                                        ; Auto                         ; Auto                         ;
; MLAB Add Timing Constraints For Mixed-Port Feed-Through Mode Setting Don't Care ; Off                          ; Off                          ;
; Create Debugging Nodes for IP Cores                                             ; Off                          ; Off                          ;
; Preserve fewer node names                                                       ; On                           ; On                           ;
; Intel FPGA IP Evaluation Mode                                                   ; Enable                       ; Enable                       ;
; Verilog Version                                                                 ; Verilog_2001                 ; Verilog_2001                 ;
; VHDL Version                                                                    ; VHDL_1993                    ; VHDL_1993                    ;
; State Machine Processing                                                        ; Auto                         ; Auto                         ;
; Safe State Machine                                                              ; Off                          ; Off                          ;
; Extract Verilog State Machines                                                  ; On                           ; On                           ;
; Extract VHDL State Machines                                                     ; On                           ; On                           ;
; Ignore Verilog initial constructs                                               ; Off                          ; Off                          ;
; Iteration limit for constant Verilog loops                                      ; 5000                         ; 5000                         ;
; Iteration limit for non-constant Verilog loops                                  ; 250                          ; 250                          ;
; Add Pass-Through Logic to Inferred RAMs                                         ; On                           ; On                           ;
; Infer RAMs from Raw Logic                                                       ; On                           ; On                           ;
; Parallel Synthesis                                                              ; On                           ; On                           ;
; DSP Block Balancing                                                             ; Auto                         ; Auto                         ;
; NOT Gate Push-Back                                                              ; On                           ; On                           ;
; Power-Up Don't Care                                                             ; On                           ; On                           ;
; Remove Redundant Logic Cells                                                    ; Off                          ; Off                          ;
; Remove Duplicate Registers                                                      ; On                           ; On                           ;
; Ignore CARRY Buffers                                                            ; Off                          ; Off                          ;
; Ignore CASCADE Buffers                                                          ; Off                          ; Off                          ;
; Ignore GLOBAL Buffers                                                           ; Off                          ; Off                          ;
; Ignore ROW GLOBAL Buffers                                                       ; Off                          ; Off                          ;
; Ignore LCELL Buffers                                                            ; Off                          ; Off                          ;
; Ignore SOFT Buffers                                                             ; On                           ; On                           ;
; Limit AHDL Integers to 32 Bits                                                  ; Off                          ; Off                          ;
; Optimization Technique                                                          ; Balanced                     ; Balanced                     ;
; Carry Chain Length                                                              ; 70                           ; 70                           ;
; Auto Carry Chains                                                               ; On                           ; On                           ;
; Auto Open-Drain Pins                                                            ; On                           ; On                           ;
; Perform WYSIWYG Primitive Resynthesis                                           ; Off                          ; Off                          ;
; Auto ROM Replacement                                                            ; On                           ; On                           ;
; Auto RAM Replacement                                                            ; On                           ; On                           ;
; Auto DSP Block Replacement                                                      ; On                           ; On                           ;
; Auto Shift Register Replacement                                                 ; Auto                         ; Auto                         ;
; Allow Shift Register Merging across Hierarchies                                 ; Auto                         ; Auto                         ;
; Auto Clock Enable Replacement                                                   ; On                           ; On                           ;
; Strict RAM Replacement                                                          ; Off                          ; Off                          ;
; Allow Synchronous Control Signals                                               ; On                           ; On                           ;
; Force Use of Synchronous Clear Signals                                          ; Off                          ; Off                          ;
; Auto Resource Sharing                                                           ; Off                          ; Off                          ;
; Allow Any RAM Size For Recognition                                              ; Off                          ; Off                          ;
; Allow Any ROM Size For Recognition                                              ; Off                          ; Off                          ;
; Allow Any Shift Register Size For Recognition                                   ; Off                          ; Off                          ;
; Use LogicLock Constraints during Resource Balancing                             ; On                           ; On                           ;
; Ignore translate_off and synthesis_off directives                               ; Off                          ; Off                          ;
; Timing-Driven Synthesis                                                         ; On                           ; On                           ;
; Report Parameter Settings                                                       ; On                           ; On                           ;
; Report Source Assignments                                                       ; On                           ; On                           ;
; Report Connectivity Checks                                                      ; On                           ; On                           ;
; Ignore Maximum Fan-Out Assignments                                              ; Off                          ; Off                          ;
; Synchronization Register Chain Length                                           ; 3                            ; 3                            ;
; Power Optimization During Synthesis                                             ; Normal compilation           ; Normal compilation           ;
; HDL message level                                                               ; Level2                       ; Level2                       ;
; Suppress Register Optimization Related Messages                                 ; Off                          ; Off                          ;
; Number of Removed Registers Reported in Synthesis Report                        ; 5000                         ; 5000                         ;
; Number of Swept Nodes Reported in Synthesis Report                              ; 5000                         ; 5000                         ;
; Number of Inverted Registers Reported in Synthesis Report                       ; 100                          ; 100                          ;
; Clock MUX Protection                                                            ; On                           ; On                           ;
; Auto Gated Clock Conversion                                                     ; Off                          ; Off                          ;
; Block Design Naming                                                             ; Auto                         ; Auto                         ;
; SDC constraint protection                                                       ; Off                          ; Off                          ;
; Synthesis Effort                                                                ; Auto                         ; Auto                         ;
; Shift Register Replacement - Allow Asynchronous Clear Signal                    ; On                           ; On                           ;
; Pre-Mapping Resynthesis Optimization                                            ; Off                          ; Off                          ;
; Analysis & Synthesis Message Level                                              ; Medium                       ; Medium                       ;
; Disable Register Merging Across Hierarchies                                     ; Auto                         ; Auto                         ;
; Resource Aware Inference For Block RAM                                          ; On                           ; On                           ;
; Automatic Parallel Synthesis                                                    ; On                           ; On                           ;
; Partial Reconfiguration Bitstream ID                                            ; Off                          ; Off                          ;
+---------------------------------------------------------------------------------+------------------------------+------------------------------+


+------------------------------------------+
; Parallel Compilation                     ;
+----------------------------+-------------+
; Processors                 ; Number      ;
+----------------------------+-------------+
; Number detected on machine ; 4           ;
; Maximum allowed            ; 4           ;
;                            ;             ;
; Average used               ; 1.00        ;
; Maximum used               ; 4           ;
;                            ;             ;
; Usage by Processor         ; % Time Used ;
;     Processor 1            ; 100.0%      ;
;     Processors 2-4         ;   0.0%      ;
+----------------------------+-------------+


+-----------------------------------------------------------------------------------------------------------------------------------------------------------------------------------------------------------------------------+
; Analysis & Synthesis Source Files Read                                                                                                                                                                                      ;
+----------------------------------+-----------------+------------------------------+-------------------------------------------------------------------------------------------------------------------------------+---------+
; File Name with User-Entered Path ; Used in Netlist ; File Type                    ; File Name with Absolute Path                                                                                                  ; Library ;
+----------------------------------+-----------------+------------------------------+-------------------------------------------------------------------------------------------------------------------------------+---------+
; digital_design_lab1_problem3.sv  ; yes             ; User SystemVerilog HDL File  ; C:/Users/caman/Documents/Github/arodriguez_isomarribas_osoto_digital_design_lab_2025/Problem3/digital_design_lab1_problem3.sv ;         ;
; lpm_divide.tdf                   ; yes             ; Megafunction                 ; c:/intelfpga_lite/20.1/quartus/libraries/megafunctions/lpm_divide.tdf                                                         ;         ;
; abs_divider.inc                  ; yes             ; Megafunction                 ; c:/intelfpga_lite/20.1/quartus/libraries/megafunctions/abs_divider.inc                                                        ;         ;
; sign_div_unsign.inc              ; yes             ; Megafunction                 ; c:/intelfpga_lite/20.1/quartus/libraries/megafunctions/sign_div_unsign.inc                                                    ;         ;
; aglobal201.inc                   ; yes             ; Megafunction                 ; c:/intelfpga_lite/20.1/quartus/libraries/megafunctions/aglobal201.inc                                                         ;         ;
; db/lpm_divide_3am.tdf            ; yes             ; Auto-Generated Megafunction  ; C:/Users/caman/Documents/Github/arodriguez_isomarribas_osoto_digital_design_lab_2025/Problem3/db/lpm_divide_3am.tdf           ;         ;
; db/sign_div_unsign_9kh.tdf       ; yes             ; Auto-Generated Megafunction  ; C:/Users/caman/Documents/Github/arodriguez_isomarribas_osoto_digital_design_lab_2025/Problem3/db/sign_div_unsign_9kh.tdf      ;         ;
; db/alt_u_div_ose.tdf             ; yes             ; Auto-Generated Megafunction  ; C:/Users/caman/Documents/Github/arodriguez_isomarribas_osoto_digital_design_lab_2025/Problem3/db/alt_u_div_ose.tdf            ;         ;
; db/lpm_divide_62m.tdf            ; yes             ; Auto-Generated Megafunction  ; C:/Users/caman/Documents/Github/arodriguez_isomarribas_osoto_digital_design_lab_2025/Problem3/db/lpm_divide_62m.tdf           ;         ;
+----------------------------------+-----------------+------------------------------+-------------------------------------------------------------------------------------------------------------------------------+---------+


+---------------------------------------------------------+
; Analysis & Synthesis Resource Usage Summary             ;
+---------------------------------------------+-----------+
; Resource                                    ; Usage     ;
+---------------------------------------------+-----------+
; Estimate of Logic utilization (ALMs needed) ; 136       ;
;                                             ;           ;
; Combinational ALUT usage for logic          ; 263       ;
;     -- 7 input functions                    ; 0         ;
;     -- 6 input functions                    ; 8         ;
;     -- 5 input functions                    ; 21        ;
;     -- 4 input functions                    ; 69        ;
;     -- <=3 input functions                  ; 165       ;
;                                             ;           ;
; Dedicated logic registers                   ; 50        ;
;                                             ;           ;
; I/O pins                                    ; 70        ;
;                                             ;           ;
; Total DSP Blocks                            ; 0         ;
;                                             ;           ;
; Maximum fan-out node                        ; clk~input ;
; Maximum fan-out                             ; 50        ;
; Total fan-out                               ; 1076      ;
; Average fan-out                             ; 2.38      ;
+---------------------------------------------+-----------+


+-------------------------------------------------------------------------------------------------------------------------------------------------------------------------------------------------------------------------------------------------------------------------------------------------------------------------------+
; Analysis & Synthesis Resource Utilization by Entity                                                                                                                                                                                                                                                                           ;
+----------------------------------------+---------------------+---------------------------+-------------------+------------+------+--------------+-------------------------------------------------------------------------------------------------------------------------------+------------------------------+--------------+
; Compilation Hierarchy Node             ; Combinational ALUTs ; Dedicated Logic Registers ; Block Memory Bits ; DSP Blocks ; Pins ; Virtual Pins ; Full Hierarchy Name                                                                                                           ; Entity Name                  ; Library Name ;
+----------------------------------------+---------------------+---------------------------+-------------------+------------+------+--------------+-------------------------------------------------------------------------------------------------------------------------------+------------------------------+--------------+
; |digital_design_lab1_problem3          ; 263 (95)            ; 50 (50)                   ; 0                 ; 0          ; 70   ; 0            ; |digital_design_lab1_problem3                                                                                                 ; digital_design_lab1_problem3 ; work         ;
;    |lpm_divide:Div0|                   ; 27 (0)              ; 0 (0)                     ; 0                 ; 0          ; 0    ; 0            ; |digital_design_lab1_problem3|lpm_divide:Div0                                                                                 ; lpm_divide                   ; work         ;
;       |lpm_divide_3am:auto_generated|  ; 27 (0)              ; 0 (0)                     ; 0                 ; 0          ; 0    ; 0            ; |digital_design_lab1_problem3|lpm_divide:Div0|lpm_divide_3am:auto_generated                                                   ; lpm_divide_3am               ; work         ;
;          |sign_div_unsign_9kh:divider| ; 27 (0)              ; 0 (0)                     ; 0                 ; 0          ; 0    ; 0            ; |digital_design_lab1_problem3|lpm_divide:Div0|lpm_divide_3am:auto_generated|sign_div_unsign_9kh:divider                       ; sign_div_unsign_9kh          ; work         ;
;             |alt_u_div_ose:divider|    ; 27 (27)             ; 0 (0)                     ; 0                 ; 0          ; 0    ; 0            ; |digital_design_lab1_problem3|lpm_divide:Div0|lpm_divide_3am:auto_generated|sign_div_unsign_9kh:divider|alt_u_div_ose:divider ; alt_u_div_ose                ; work         ;
;    |lpm_divide:Div1|                   ; 27 (0)              ; 0 (0)                     ; 0                 ; 0          ; 0    ; 0            ; |digital_design_lab1_problem3|lpm_divide:Div1                                                                                 ; lpm_divide                   ; work         ;
;       |lpm_divide_3am:auto_generated|  ; 27 (0)              ; 0 (0)                     ; 0                 ; 0          ; 0    ; 0            ; |digital_design_lab1_problem3|lpm_divide:Div1|lpm_divide_3am:auto_generated                                                   ; lpm_divide_3am               ; work         ;
;          |sign_div_unsign_9kh:divider| ; 27 (0)              ; 0 (0)                     ; 0                 ; 0          ; 0    ; 0            ; |digital_design_lab1_problem3|lpm_divide:Div1|lpm_divide_3am:auto_generated|sign_div_unsign_9kh:divider                       ; sign_div_unsign_9kh          ; work         ;
;             |alt_u_div_ose:divider|    ; 27 (27)             ; 0 (0)                     ; 0                 ; 0          ; 0    ; 0            ; |digital_design_lab1_problem3|lpm_divide:Div1|lpm_divide_3am:auto_generated|sign_div_unsign_9kh:divider|alt_u_div_ose:divider ; alt_u_div_ose                ; work         ;
;    |lpm_divide:Div2|                   ; 24 (0)              ; 0 (0)                     ; 0                 ; 0          ; 0    ; 0            ; |digital_design_lab1_problem3|lpm_divide:Div2                                                                                 ; lpm_divide                   ; work         ;
;       |lpm_divide_3am:auto_generated|  ; 24 (0)              ; 0 (0)                     ; 0                 ; 0          ; 0    ; 0            ; |digital_design_lab1_problem3|lpm_divide:Div2|lpm_divide_3am:auto_generated                                                   ; lpm_divide_3am               ; work         ;
;          |sign_div_unsign_9kh:divider| ; 24 (0)              ; 0 (0)                     ; 0                 ; 0          ; 0    ; 0            ; |digital_design_lab1_problem3|lpm_divide:Div2|lpm_divide_3am:auto_generated|sign_div_unsign_9kh:divider                       ; sign_div_unsign_9kh          ; work         ;
;             |alt_u_div_ose:divider|    ; 24 (24)             ; 0 (0)                     ; 0                 ; 0          ; 0    ; 0            ; |digital_design_lab1_problem3|lpm_divide:Div2|lpm_divide_3am:auto_generated|sign_div_unsign_9kh:divider|alt_u_div_ose:divider ; alt_u_div_ose                ; work         ;
;    |lpm_divide:Mod0|                   ; 31 (0)              ; 0 (0)                     ; 0                 ; 0          ; 0    ; 0            ; |digital_design_lab1_problem3|lpm_divide:Mod0                                                                                 ; lpm_divide                   ; work         ;
;       |lpm_divide_62m:auto_generated|  ; 31 (0)              ; 0 (0)                     ; 0                 ; 0          ; 0    ; 0            ; |digital_design_lab1_problem3|lpm_divide:Mod0|lpm_divide_62m:auto_generated                                                   ; lpm_divide_62m               ; work         ;
;          |sign_div_unsign_9kh:divider| ; 31 (0)              ; 0 (0)                     ; 0                 ; 0          ; 0    ; 0            ; |digital_design_lab1_problem3|lpm_divide:Mod0|lpm_divide_62m:auto_generated|sign_div_unsign_9kh:divider                       ; sign_div_unsign_9kh          ; work         ;
;             |alt_u_div_ose:divider|    ; 31 (31)             ; 0 (0)                     ; 0                 ; 0          ; 0    ; 0            ; |digital_design_lab1_problem3|lpm_divide:Mod0|lpm_divide_62m:auto_generated|sign_div_unsign_9kh:divider|alt_u_div_ose:divider ; alt_u_div_ose                ; work         ;
;    |lpm_divide:Mod1|                   ; 31 (0)              ; 0 (0)                     ; 0                 ; 0          ; 0    ; 0            ; |digital_design_lab1_problem3|lpm_divide:Mod1                                                                                 ; lpm_divide                   ; work         ;
;       |lpm_divide_62m:auto_generated|  ; 31 (0)              ; 0 (0)                     ; 0                 ; 0          ; 0    ; 0            ; |digital_design_lab1_problem3|lpm_divide:Mod1|lpm_divide_62m:auto_generated                                                   ; lpm_divide_62m               ; work         ;
;          |sign_div_unsign_9kh:divider| ; 31 (0)              ; 0 (0)                     ; 0                 ; 0          ; 0    ; 0            ; |digital_design_lab1_problem3|lpm_divide:Mod1|lpm_divide_62m:auto_generated|sign_div_unsign_9kh:divider                       ; sign_div_unsign_9kh          ; work         ;
;             |alt_u_div_ose:divider|    ; 31 (31)             ; 0 (0)                     ; 0                 ; 0          ; 0    ; 0            ; |digital_design_lab1_problem3|lpm_divide:Mod1|lpm_divide_62m:auto_generated|sign_div_unsign_9kh:divider|alt_u_div_ose:divider ; alt_u_div_ose                ; work         ;
;    |lpm_divide:Mod2|                   ; 28 (0)              ; 0 (0)                     ; 0                 ; 0          ; 0    ; 0            ; |digital_design_lab1_problem3|lpm_divide:Mod2                                                                                 ; lpm_divide                   ; work         ;
;       |lpm_divide_62m:auto_generated|  ; 28 (0)              ; 0 (0)                     ; 0                 ; 0          ; 0    ; 0            ; |digital_design_lab1_problem3|lpm_divide:Mod2|lpm_divide_62m:auto_generated                                                   ; lpm_divide_62m               ; work         ;
;          |sign_div_unsign_9kh:divider| ; 28 (0)              ; 0 (0)                     ; 0                 ; 0          ; 0    ; 0            ; |digital_design_lab1_problem3|lpm_divide:Mod2|lpm_divide_62m:auto_generated|sign_div_unsign_9kh:divider                       ; sign_div_unsign_9kh          ; work         ;
;             |alt_u_div_ose:divider|    ; 28 (28)             ; 0 (0)                     ; 0                 ; 0          ; 0    ; 0            ; |digital_design_lab1_problem3|lpm_divide:Mod2|lpm_divide_62m:auto_generated|sign_div_unsign_9kh:divider|alt_u_div_ose:divider ; alt_u_div_ose                ; work         ;
+----------------------------------------+---------------------+---------------------------+-------------------+------------+------+--------------+-------------------------------------------------------------------------------------------------------------------------------+------------------------------+--------------+
Note: For table entries with two numbers listed, the numbers in parentheses indicate the number of resources of the given type used by the specific entity alone. The numbers listed outside of parentheses indicate the total resources of the given type used by the specific entity and all of its sub-entities in the hierarchy.


+----------------------------------------------------------------------------------------------------+
; User-Specified and Inferred Latches                                                                ;
+-----------------------------------------------------+---------------------+------------------------+
; Latch Name                                          ; Latch Enable Signal ; Free of Timing Hazards ;
+-----------------------------------------------------+---------------------+------------------------+
; aO[4]                                               ; changingA           ; yes                    ;
; aO[3]                                               ; changingA           ; yes                    ;
; aO[2]                                               ; changingA           ; yes                    ;
; aO[1]                                               ; changingA           ; yes                    ;
; aO[0]                                               ; changingA           ; yes                    ;
; aO[5]                                               ; changingA           ; yes                    ;
; bO[5]                                               ; changingA           ; yes                    ;
; bO[4]                                               ; changingA           ; yes                    ;
; bO[3]                                               ; changingA           ; yes                    ;
; bO[2]                                               ; changingA           ; yes                    ;
; bO[1]                                               ; changingA           ; yes                    ;
; bO[0]                                               ; changingA           ; yes                    ;
; Number of user-specified and inferred latches = 12  ;                     ;                        ;
+-----------------------------------------------------+---------------------+------------------------+
Note: All latches listed above may not be present at the end of synthesis due to various synthesis optimizations.


+------------------------------------------------------+
; General Register Statistics                          ;
+----------------------------------------------+-------+
; Statistic                                    ; Value ;
+----------------------------------------------+-------+
; Total registers                              ; 50    ;
; Number of registers using Synchronous Clear  ; 6     ;
; Number of registers using Synchronous Load   ; 6     ;
; Number of registers using Asynchronous Clear ; 0     ;
; Number of registers using Asynchronous Load  ; 0     ;
; Number of registers using Clock Enable       ; 0     ;
; Number of registers using Preset             ; 0     ;
+----------------------------------------------+-------+


+-------------------------------------------------------------------------------------------------------------------------------------------------------+
; Multiplexer Restructuring Statistics (Restructuring Performed)                                                                                        ;
+--------------------+-----------+---------------+----------------------+------------------------+------------+-----------------------------------------+
; Multiplexer Inputs ; Bus Width ; Baseline Area ; Area if Restructured ; Saving if Restructured ; Registered ; Example Multiplexer Output              ;
+--------------------+-----------+---------------+----------------------+------------------------+------------+-----------------------------------------+
; 3:1                ; 6 bits    ; 12 LEs        ; 12 LEs               ; 0 LEs                  ; Yes        ; |digital_design_lab1_problem3|r[0]~reg0 ;
+--------------------+-----------+---------------+----------------------+------------------------+------------+-----------------------------------------+


+----------------------------------------------------------------------------------------------+
; Parameter Settings for User Entity Instance: Top-level Entity: |digital_design_lab1_problem3 ;
+----------------+-------+---------------------------------------------------------------------+
; Parameter Name ; Value ; Type                                                                ;
+----------------+-------+---------------------------------------------------------------------+
; n              ; 6     ; Signed Integer                                                      ;
+----------------+-------+---------------------------------------------------------------------+
Note: In order to hide this table in the UI and the text report file, please set the "Show Parameter Settings in Synthesis Report" option in "Analysis and Synthesis Settings -> More Settings" to "Off".


+------------------------------------------------------------------+
; Parameter Settings for Inferred Entity Instance: lpm_divide:Div0 ;
+------------------------+----------------+------------------------+
; Parameter Name         ; Value          ; Type                   ;
+------------------------+----------------+------------------------+
; LPM_WIDTHN             ; 6              ; Untyped                ;
; LPM_WIDTHD             ; 4              ; Untyped                ;
; LPM_NREPRESENTATION    ; UNSIGNED       ; Untyped                ;
; LPM_DREPRESENTATION    ; UNSIGNED       ; Untyped                ;
; LPM_PIPELINE           ; 0              ; Untyped                ;
; LPM_REMAINDERPOSITIVE  ; TRUE           ; Untyped                ;
; MAXIMIZE_SPEED         ; 5              ; Untyped                ;
; CBXI_PARAMETER         ; lpm_divide_3am ; Untyped                ;
; CARRY_CHAIN            ; MANUAL         ; Untyped                ;
; OPTIMIZE_FOR_SPEED     ; 5              ; Untyped                ;
; AUTO_CARRY_CHAINS      ; ON             ; AUTO_CARRY             ;
; IGNORE_CARRY_BUFFERS   ; OFF            ; IGNORE_CARRY           ;
; AUTO_CASCADE_CHAINS    ; ON             ; AUTO_CASCADE           ;
; IGNORE_CASCADE_BUFFERS ; OFF            ; IGNORE_CASCADE         ;
+------------------------+----------------+------------------------+
Note: In order to hide this table in the UI and the text report file, please set the "Show Parameter Settings in Synthesis Report" option in "Analysis and Synthesis Settings -> More Settings" to "Off".


+------------------------------------------------------------------+
; Parameter Settings for Inferred Entity Instance: lpm_divide:Mod0 ;
+------------------------+----------------+------------------------+
; Parameter Name         ; Value          ; Type                   ;
+------------------------+----------------+------------------------+
; LPM_WIDTHN             ; 6              ; Untyped                ;
; LPM_WIDTHD             ; 4              ; Untyped                ;
; LPM_NREPRESENTATION    ; UNSIGNED       ; Untyped                ;
; LPM_DREPRESENTATION    ; UNSIGNED       ; Untyped                ;
; LPM_PIPELINE           ; 0              ; Untyped                ;
; LPM_REMAINDERPOSITIVE  ; TRUE           ; Untyped                ;
; MAXIMIZE_SPEED         ; 5              ; Untyped                ;
; CBXI_PARAMETER         ; lpm_divide_62m ; Untyped                ;
; CARRY_CHAIN            ; MANUAL         ; Untyped                ;
; OPTIMIZE_FOR_SPEED     ; 5              ; Untyped                ;
; AUTO_CARRY_CHAINS      ; ON             ; AUTO_CARRY             ;
; IGNORE_CARRY_BUFFERS   ; OFF            ; IGNORE_CARRY           ;
; AUTO_CASCADE_CHAINS    ; ON             ; AUTO_CASCADE           ;
; IGNORE_CASCADE_BUFFERS ; OFF            ; IGNORE_CASCADE         ;
+------------------------+----------------+------------------------+
Note: In order to hide this table in the UI and the text report file, please set the "Show Parameter Settings in Synthesis Report" option in "Analysis and Synthesis Settings -> More Settings" to "Off".


+------------------------------------------------------------------+
; Parameter Settings for Inferred Entity Instance: lpm_divide:Div1 ;
+------------------------+----------------+------------------------+
; Parameter Name         ; Value          ; Type                   ;
+------------------------+----------------+------------------------+
; LPM_WIDTHN             ; 6              ; Untyped                ;
; LPM_WIDTHD             ; 4              ; Untyped                ;
; LPM_NREPRESENTATION    ; UNSIGNED       ; Untyped                ;
; LPM_DREPRESENTATION    ; UNSIGNED       ; Untyped                ;
; LPM_PIPELINE           ; 0              ; Untyped                ;
; LPM_REMAINDERPOSITIVE  ; TRUE           ; Untyped                ;
; MAXIMIZE_SPEED         ; 5              ; Untyped                ;
; CBXI_PARAMETER         ; lpm_divide_3am ; Untyped                ;
; CARRY_CHAIN            ; MANUAL         ; Untyped                ;
; OPTIMIZE_FOR_SPEED     ; 5              ; Untyped                ;
; AUTO_CARRY_CHAINS      ; ON             ; AUTO_CARRY             ;
; IGNORE_CARRY_BUFFERS   ; OFF            ; IGNORE_CARRY           ;
; AUTO_CASCADE_CHAINS    ; ON             ; AUTO_CASCADE           ;
; IGNORE_CASCADE_BUFFERS ; OFF            ; IGNORE_CASCADE         ;
+------------------------+----------------+------------------------+
Note: In order to hide this table in the UI and the text report file, please set the "Show Parameter Settings in Synthesis Report" option in "Analysis and Synthesis Settings -> More Settings" to "Off".


+------------------------------------------------------------------+
; Parameter Settings for Inferred Entity Instance: lpm_divide:Mod1 ;
+------------------------+----------------+------------------------+
; Parameter Name         ; Value          ; Type                   ;
+------------------------+----------------+------------------------+
; LPM_WIDTHN             ; 6              ; Untyped                ;
; LPM_WIDTHD             ; 4              ; Untyped                ;
; LPM_NREPRESENTATION    ; UNSIGNED       ; Untyped                ;
; LPM_DREPRESENTATION    ; UNSIGNED       ; Untyped                ;
; LPM_PIPELINE           ; 0              ; Untyped                ;
; LPM_REMAINDERPOSITIVE  ; TRUE           ; Untyped                ;
; MAXIMIZE_SPEED         ; 5              ; Untyped                ;
; CBXI_PARAMETER         ; lpm_divide_62m ; Untyped                ;
; CARRY_CHAIN            ; MANUAL         ; Untyped                ;
; OPTIMIZE_FOR_SPEED     ; 5              ; Untyped                ;
; AUTO_CARRY_CHAINS      ; ON             ; AUTO_CARRY             ;
; IGNORE_CARRY_BUFFERS   ; OFF            ; IGNORE_CARRY           ;
; AUTO_CASCADE_CHAINS    ; ON             ; AUTO_CASCADE           ;
; IGNORE_CASCADE_BUFFERS ; OFF            ; IGNORE_CASCADE         ;
+------------------------+----------------+------------------------+
Note: In order to hide this table in the UI and the text report file, please set the "Show Parameter Settings in Synthesis Report" option in "Analysis and Synthesis Settings -> More Settings" to "Off".


+------------------------------------------------------------------+
; Parameter Settings for Inferred Entity Instance: lpm_divide:Div2 ;
+------------------------+----------------+------------------------+
; Parameter Name         ; Value          ; Type                   ;
+------------------------+----------------+------------------------+
; LPM_WIDTHN             ; 6              ; Untyped                ;
; LPM_WIDTHD             ; 4              ; Untyped                ;
; LPM_NREPRESENTATION    ; UNSIGNED       ; Untyped                ;
; LPM_DREPRESENTATION    ; UNSIGNED       ; Untyped                ;
; LPM_PIPELINE           ; 0              ; Untyped                ;
; LPM_REMAINDERPOSITIVE  ; TRUE           ; Untyped                ;
; MAXIMIZE_SPEED         ; 5              ; Untyped                ;
; CBXI_PARAMETER         ; lpm_divide_3am ; Untyped                ;
; CARRY_CHAIN            ; MANUAL         ; Untyped                ;
; OPTIMIZE_FOR_SPEED     ; 5              ; Untyped                ;
; AUTO_CARRY_CHAINS      ; ON             ; AUTO_CARRY             ;
; IGNORE_CARRY_BUFFERS   ; OFF            ; IGNORE_CARRY           ;
; AUTO_CASCADE_CHAINS    ; ON             ; AUTO_CASCADE           ;
; IGNORE_CASCADE_BUFFERS ; OFF            ; IGNORE_CASCADE         ;
+------------------------+----------------+------------------------+
Note: In order to hide this table in the UI and the text report file, please set the "Show Parameter Settings in Synthesis Report" option in "Analysis and Synthesis Settings -> More Settings" to "Off".


+------------------------------------------------------------------+
; Parameter Settings for Inferred Entity Instance: lpm_divide:Mod2 ;
+------------------------+----------------+------------------------+
; Parameter Name         ; Value          ; Type                   ;
+------------------------+----------------+------------------------+
; LPM_WIDTHN             ; 6              ; Untyped                ;
; LPM_WIDTHD             ; 4              ; Untyped                ;
; LPM_NREPRESENTATION    ; UNSIGNED       ; Untyped                ;
; LPM_DREPRESENTATION    ; UNSIGNED       ; Untyped                ;
; LPM_PIPELINE           ; 0              ; Untyped                ;
; LPM_REMAINDERPOSITIVE  ; TRUE           ; Untyped                ;
; MAXIMIZE_SPEED         ; 5              ; Untyped                ;
; CBXI_PARAMETER         ; lpm_divide_62m ; Untyped                ;
; CARRY_CHAIN            ; MANUAL         ; Untyped                ;
; OPTIMIZE_FOR_SPEED     ; 5              ; Untyped                ;
; AUTO_CARRY_CHAINS      ; ON             ; AUTO_CARRY             ;
; IGNORE_CARRY_BUFFERS   ; OFF            ; IGNORE_CARRY           ;
; AUTO_CASCADE_CHAINS    ; ON             ; AUTO_CASCADE           ;
; IGNORE_CASCADE_BUFFERS ; OFF            ; IGNORE_CASCADE         ;
+------------------------+----------------+------------------------+
Note: In order to hide this table in the UI and the text report file, please set the "Show Parameter Settings in Synthesis Report" option in "Analysis and Synthesis Settings -> More Settings" to "Off".


+-----------------------------------------------------+
; Post-Synthesis Netlist Statistics for Top Partition ;
+-----------------------+-----------------------------+
; Type                  ; Count                       ;
+-----------------------+-----------------------------+
; arriav_ff             ; 50                          ;
;     SCLR SLD          ; 6                           ;
;     plain             ; 44                          ;
; arriav_lcell_comb     ; 263                         ;
;     arith             ; 103                         ;
;         0 data inputs ; 29                          ;
;         1 data inputs ; 8                           ;
;         2 data inputs ; 8                           ;
;         3 data inputs ; 24                          ;
;         4 data inputs ; 28                          ;
;         5 data inputs ; 6                           ;
;     normal            ; 128                         ;
;         2 data inputs ; 31                          ;
;         3 data inputs ; 33                          ;
;         4 data inputs ; 41                          ;
;         5 data inputs ; 15                          ;
;         6 data inputs ; 8                           ;
;     shared            ; 32                          ;
;         0 data inputs ; 4                           ;
;         1 data inputs ; 16                          ;
;         2 data inputs ; 12                          ;
; boundary_port         ; 70                          ;
;                       ;                             ;
; Max LUT depth         ; 9.40                        ;
; Average LUT depth     ; 5.27                        ;
+-----------------------+-----------------------------+


+-------------------------------+
; Elapsed Time Per Partition    ;
+----------------+--------------+
; Partition Name ; Elapsed Time ;
+----------------+--------------+
; Top            ; 00:00:00     ;
+----------------+--------------+


+-------------------------------+
; Analysis & Synthesis Messages ;
+-------------------------------+
Info: *******************************************************************
Info: Running Quartus Prime Analysis & Synthesis
    Info: Version 20.1.1 Build 720 11/11/2020 SJ Lite Edition
    Info: Processing started: Mon Mar 10 16:08:32 2025
Info: Command: quartus_map --read_settings_files=on --write_settings_files=off digital_design_lab1_problem3 -c digital_design_lab1_problem3
Warning (18236): Number of processors has not been specified which may cause overloading on shared machines.  Set the global assignment NUM_PARALLEL_PROCESSORS in your QSF to an appropriate value for best performance.
Info (20030): Parallel compilation is enabled and will use 4 of the 4 processors detected
Info (12021): Found 1 design units, including 1 entities, in source file digital_design_lab1_problem3.sv
    Info (12023): Found entity 1: digital_design_lab1_problem3 File: C:/Users/caman/Documents/Github/arodriguez_isomarribas_osoto_digital_design_lab_2025/Problem3/digital_design_lab1_problem3.sv Line: 1
Info (12021): Found 1 design units, including 1 entities, in source file digital_design_lab1_problem3_tb.sv
    Info (12023): Found entity 1: digital_design_lab1_problem3_tb File: C:/Users/caman/Documents/Github/arodriguez_isomarribas_osoto_digital_design_lab_2025/Problem3/digital_design_lab1_problem3_tb.sv Line: 1
Warning (10236): Verilog HDL Implicit Net warning at digital_design_lab1_problem3_tb.sv(14): created implicit net for "segDA" File: C:/Users/caman/Documents/Github/arodriguez_isomarribas_osoto_digital_design_lab_2025/Problem3/digital_design_lab1_problem3_tb.sv Line: 14
Info (12127): Elaborating entity "digital_design_lab1_problem3" for the top level hierarchy
Warning (10240): Verilog HDL Always Construct warning at digital_design_lab1_problem3.sv(17): inferring latch(es) for variable "aO", which holds its previous value in one or more paths through the always construct File: C:/Users/caman/Documents/Github/arodriguez_isomarribas_osoto_digital_design_lab_2025/Problem3/digital_design_lab1_problem3.sv Line: 17
Warning (10240): Verilog HDL Always Construct warning at digital_design_lab1_problem3.sv(17): inferring latch(es) for variable "bO", which holds its previous value in one or more paths through the always construct File: C:/Users/caman/Documents/Github/arodriguez_isomarribas_osoto_digital_design_lab_2025/Problem3/digital_design_lab1_problem3.sv Line: 17
Warning (10230): Verilog HDL assignment warning at digital_design_lab1_problem3.sv(81): truncated value with size 32 to match size of target (4) File: C:/Users/caman/Documents/Github/arodriguez_isomarribas_osoto_digital_design_lab_2025/Problem3/digital_design_lab1_problem3.sv Line: 81
Warning (10230): Verilog HDL assignment warning at digital_design_lab1_problem3.sv(82): truncated value with size 32 to match size of target (4) File: C:/Users/caman/Documents/Github/arodriguez_isomarribas_osoto_digital_design_lab_2025/Problem3/digital_design_lab1_problem3.sv Line: 82
Warning (10230): Verilog HDL assignment warning at digital_design_lab1_problem3.sv(85): truncated value with size 32 to match size of target (4) File: C:/Users/caman/Documents/Github/arodriguez_isomarribas_osoto_digital_design_lab_2025/Problem3/digital_design_lab1_problem3.sv Line: 85
Warning (10230): Verilog HDL assignment warning at digital_design_lab1_problem3.sv(86): truncated value with size 32 to match size of target (4) File: C:/Users/caman/Documents/Github/arodriguez_isomarribas_osoto_digital_design_lab_2025/Problem3/digital_design_lab1_problem3.sv Line: 86
Warning (10230): Verilog HDL assignment warning at digital_design_lab1_problem3.sv(89): truncated value with size 32 to match size of target (4) File: C:/Users/caman/Documents/Github/arodriguez_isomarribas_osoto_digital_design_lab_2025/Problem3/digital_design_lab1_problem3.sv Line: 89
Warning (10230): Verilog HDL assignment warning at digital_design_lab1_problem3.sv(90): truncated value with size 32 to match size of target (4) File: C:/Users/caman/Documents/Github/arodriguez_isomarribas_osoto_digital_design_lab_2025/Problem3/digital_design_lab1_problem3.sv Line: 90
Info (10041): Inferred latch for "bO[0]" at digital_design_lab1_problem3.sv(24) File: C:/Users/caman/Documents/Github/arodriguez_isomarribas_osoto_digital_design_lab_2025/Problem3/digital_design_lab1_problem3.sv Line: 24
Info (10041): Inferred latch for "bO[1]" at digital_design_lab1_problem3.sv(24) File: C:/Users/caman/Documents/Github/arodriguez_isomarribas_osoto_digital_design_lab_2025/Problem3/digital_design_lab1_problem3.sv Line: 24
Info (10041): Inferred latch for "bO[2]" at digital_design_lab1_problem3.sv(24) File: C:/Users/caman/Documents/Github/arodriguez_isomarribas_osoto_digital_design_lab_2025/Problem3/digital_design_lab1_problem3.sv Line: 24
Info (10041): Inferred latch for "bO[3]" at digital_design_lab1_problem3.sv(24) File: C:/Users/caman/Documents/Github/arodriguez_isomarribas_osoto_digital_design_lab_2025/Problem3/digital_design_lab1_problem3.sv Line: 24
Info (10041): Inferred latch for "bO[4]" at digital_design_lab1_problem3.sv(24) File: C:/Users/caman/Documents/Github/arodriguez_isomarribas_osoto_digital_design_lab_2025/Problem3/digital_design_lab1_problem3.sv Line: 24
Info (10041): Inferred latch for "bO[5]" at digital_design_lab1_problem3.sv(24) File: C:/Users/caman/Documents/Github/arodriguez_isomarribas_osoto_digital_design_lab_2025/Problem3/digital_design_lab1_problem3.sv Line: 24
Info (10041): Inferred latch for "aO[0]" at digital_design_lab1_problem3.sv(24) File: C:/Users/caman/Documents/Github/arodriguez_isomarribas_osoto_digital_design_lab_2025/Problem3/digital_design_lab1_problem3.sv Line: 24
Info (10041): Inferred latch for "aO[1]" at digital_design_lab1_problem3.sv(24) File: C:/Users/caman/Documents/Github/arodriguez_isomarribas_osoto_digital_design_lab_2025/Problem3/digital_design_lab1_problem3.sv Line: 24
Info (10041): Inferred latch for "aO[2]" at digital_design_lab1_problem3.sv(24) File: C:/Users/caman/Documents/Github/arodriguez_isomarribas_osoto_digital_design_lab_2025/Problem3/digital_design_lab1_problem3.sv Line: 24
Info (10041): Inferred latch for "aO[3]" at digital_design_lab1_problem3.sv(24) File: C:/Users/caman/Documents/Github/arodriguez_isomarribas_osoto_digital_design_lab_2025/Problem3/digital_design_lab1_problem3.sv Line: 24
Info (10041): Inferred latch for "aO[4]" at digital_design_lab1_problem3.sv(24) File: C:/Users/caman/Documents/Github/arodriguez_isomarribas_osoto_digital_design_lab_2025/Problem3/digital_design_lab1_problem3.sv Line: 24
Info (10041): Inferred latch for "aO[5]" at digital_design_lab1_problem3.sv(24) File: C:/Users/caman/Documents/Github/arodriguez_isomarribas_osoto_digital_design_lab_2025/Problem3/digital_design_lab1_problem3.sv Line: 24
Info (278001): Inferred 6 megafunctions from design logic
    Info (278004): Inferred divider/modulo megafunction ("lpm_divide") from the following logic: "Div0" File: C:/Users/caman/Documents/Github/arodriguez_isomarribas_osoto_digital_design_lab_2025/Problem3/digital_design_lab1_problem3.sv Line: 81
    Info (278004): Inferred divider/modulo megafunction ("lpm_divide") from the following logic: "Mod0" File: C:/Users/caman/Documents/Github/arodriguez_isomarribas_osoto_digital_design_lab_2025/Problem3/digital_design_lab1_problem3.sv Line: 82
    Info (278004): Inferred divider/modulo megafunction ("lpm_divide") from the following logic: "Div1" File: C:/Users/caman/Documents/Github/arodriguez_isomarribas_osoto_digital_design_lab_2025/Problem3/digital_design_lab1_problem3.sv Line: 85
    Info (278004): Inferred divider/modulo megafunction ("lpm_divide") from the following logic: "Mod1" File: C:/Users/caman/Documents/Github/arodriguez_isomarribas_osoto_digital_design_lab_2025/Problem3/digital_design_lab1_problem3.sv Line: 86
    Info (278004): Inferred divider/modulo megafunction ("lpm_divide") from the following logic: "Div2" File: C:/Users/caman/Documents/Github/arodriguez_isomarribas_osoto_digital_design_lab_2025/Problem3/digital_design_lab1_problem3.sv Line: 89
    Info (278004): Inferred divider/modulo megafunction ("lpm_divide") from the following logic: "Mod2" File: C:/Users/caman/Documents/Github/arodriguez_isomarribas_osoto_digital_design_lab_2025/Problem3/digital_design_lab1_problem3.sv Line: 90
Info (12130): Elaborated megafunction instantiation "lpm_divide:Div0" File: C:/Users/caman/Documents/Github/arodriguez_isomarribas_osoto_digital_design_lab_2025/Problem3/digital_design_lab1_problem3.sv Line: 81
Info (12133): Instantiated megafunction "lpm_divide:Div0" with the following parameter: File: C:/Users/caman/Documents/Github/arodriguez_isomarribas_osoto_digital_design_lab_2025/Problem3/digital_design_lab1_problem3.sv Line: 81
    Info (12134): Parameter "LPM_WIDTHN" = "6"
    Info (12134): Parameter "LPM_WIDTHD" = "4"
    Info (12134): Parameter "LPM_NREPRESENTATION" = "UNSIGNED"
    Info (12134): Parameter "LPM_DREPRESENTATION" = "UNSIGNED"
Info (12021): Found 1 design units, including 1 entities, in source file db/lpm_divide_3am.tdf
    Info (12023): Found entity 1: lpm_divide_3am File: C:/Users/caman/Documents/Github/arodriguez_isomarribas_osoto_digital_design_lab_2025/Problem3/db/lpm_divide_3am.tdf Line: 25
Info (12021): Found 1 design units, including 1 entities, in source file db/sign_div_unsign_9kh.tdf
    Info (12023): Found entity 1: sign_div_unsign_9kh File: C:/Users/caman/Documents/Github/arodriguez_isomarribas_osoto_digital_design_lab_2025/Problem3/db/sign_div_unsign_9kh.tdf Line: 25
Info (12021): Found 1 design units, including 1 entities, in source file db/alt_u_div_ose.tdf
    Info (12023): Found entity 1: alt_u_div_ose File: C:/Users/caman/Documents/Github/arodriguez_isomarribas_osoto_digital_design_lab_2025/Problem3/db/alt_u_div_ose.tdf Line: 23
Info (12130): Elaborated megafunction instantiation "lpm_divide:Mod0" File: C:/Users/caman/Documents/Github/arodriguez_isomarribas_osoto_digital_design_lab_2025/Problem3/digital_design_lab1_problem3.sv Line: 82
Info (12133): Instantiated megafunction "lpm_divide:Mod0" with the following parameter: File: C:/Users/caman/Documents/Github/arodriguez_isomarribas_osoto_digital_design_lab_2025/Problem3/digital_design_lab1_problem3.sv Line: 82
    Info (12134): Parameter "LPM_WIDTHN" = "6"
    Info (12134): Parameter "LPM_WIDTHD" = "4"
    Info (12134): Parameter "LPM_NREPRESENTATION" = "UNSIGNED"
    Info (12134): Parameter "LPM_DREPRESENTATION" = "UNSIGNED"
Info (12021): Found 1 design units, including 1 entities, in source file db/lpm_divide_62m.tdf
    Info (12023): Found entity 1: lpm_divide_62m File: C:/Users/caman/Documents/Github/arodriguez_isomarribas_osoto_digital_design_lab_2025/Problem3/db/lpm_divide_62m.tdf Line: 25
Info (286030): Timing-Driven Synthesis is running
Info (16010): Generating hard_block partition "hard_block:auto_generated_inst"
    Info (16011): Adding 0 node(s), including 0 DDIO, 0 PLL, 0 transceiver and 0 LCELL
Info (21057): Implemented 333 device resources after synthesis - the final resource count might be different
    Info (21058): Implemented 21 input pins
    Info (21059): Implemented 49 output pins
    Info (21061): Implemented 263 logic cells
Info: Quartus Prime Analysis & Synthesis was successful. 0 errors, 10 warnings
    Info: Peak virtual memory: 4831 megabytes
    Info: Processing ended: Mon Mar 10 16:08:41 2025
    Info: Elapsed time: 00:00:09
    Info: Total CPU time (on all processors): 00:00:17


